TN:
SF:src/exceptions/APIException.ts
FNF:0
FNH:0
DA:2,3
LF:1
LH:1
BRF:0
BRH:0
end_of_record
TN:
SF:src/exceptions/DatabaseException.ts
FNF:0
FNH:0
DA:2,1
LF:1
LH:1
BRF:0
BRH:0
end_of_record
TN:
SF:src/modules/orders/models/Order.ts
FN:10,(anonymous_0)
FNF:1
FNH:1
FNDA:20,(anonymous_0)
DA:2,4
DA:11,20
DA:12,20
DA:13,20
DA:14,20
DA:15,20
DA:16,20
LF:7
LH:7
BRF:0
BRH:0
end_of_record
TN:
SF:src/modules/orders/processors/OrderProcessorA.ts
FN:6,(anonymous_0)
FNF:1
FNH:1
FNDA:3,(anonymous_0)
DA:3,3
DA:5,3
DA:7,3
DA:8,3
DA:9,3
DA:11,3
DA:12,1
DA:15,3
DA:16,3
DA:17,2
DA:19,1
LF:11
LH:11
BRDA:9,0,0,2
BRDA:9,0,1,1
BRDA:11,1,0,1
BRF:3
BRH:3
end_of_record
TN:
SF:src/modules/orders/processors/OrderProcessorB.ts
FN:9,(anonymous_0)
FN:13,(anonymous_1)
FNF:2
FNH:2
FNDA:7,(anonymous_0)
FNDA:7,(anonymous_1)
DA:4,3
DA:6,3
DA:10,7
DA:14,7
DA:15,7
DA:16,5
DA:17,1
DA:18,1
DA:21,4
DA:22,1
DA:23,3
DA:24,2
DA:26,1
DA:29,2
DA:31,1
LF:15
LH:15
BRDA:16,0,0,1
BRDA:21,1,0,1
BRDA:21,1,1,3
BRDA:21,2,0,4
BRDA:21,2,1,3
BRDA:23,3,0,2
BRDA:23,3,1,1
BRDA:23,4,0,3
BRDA:23,4,1,2
BRDA:29,5,0,1
BRF:10
BRH:10
end_of_record
TN:
SF:src/modules/orders/processors/OrderProcessorC.ts
FN:5,(anonymous_0)
FNF:1
FNH:1
FNDA:2,(anonymous_0)
DA:4,3
DA:6,2
LF:2
LH:2
BRDA:6,0,0,1
BRDA:6,0,1,1
BRF:2
BRH:2
end_of_record
TN:
SF:src/modules/orders/processors/OrderProcessorFactory.ts
FN:8,(anonymous_0)
FNF:1
FNH:1
FNDA:4,(anonymous_0)
DA:2,2
DA:3,2
DA:4,2
DA:7,2
DA:9,4
DA:11,1
DA:13,1
DA:15,1
DA:17,1
LF:9
LH:9
BRDA:9,0,0,1
BRDA:9,0,1,1
BRDA:9,0,2,1
BRDA:9,0,3,1
BRF:4
BRH:4
end_of_record
TN:
SF:src/modules/orders/services/OrderProcessingService.ts
FN:11,(anonymous_0)
FN:16,(anonymous_1)
FNF:2
FNH:2
FNDA:8,(anonymous_0)
FNDA:8,(anonymous_1)
DA:4,1
DA:5,1
DA:7,1
DA:12,8
DA:13,8
DA:17,8
DA:18,8
DA:20,7
DA:21,6
DA:22,6
DA:23,5
DA:25,1
DA:28,6
DA:30,6
DA:31,6
DA:33,2
DA:34,1
DA:39,7
DA:41,1
LF:19
LH:19
BRDA:22,0,0,5
BRDA:22,0,1,1
BRDA:28,1,0,1
BRDA:28,1,1,5
BRDA:33,2,0,1
BRF:5
BRH:5
end_of_record
TN:
SF:src/services/FileService.ts
FN:4,(anonymous_9)
FN:5,(anonymous_10)
FNF:2
FNH:2
FNDA:2,(anonymous_9)
FNDA:2,(anonymous_10)
DA:1,4
DA:3,4
DA:5,2
DA:6,2
DA:7,2
DA:8,2
DA:9,2
DA:10,2
LF:8
LH:8
BRF:0
BRH:0
end_of_record
TN:
SF:src/utils/APIResponse.ts
FN:8,(anonymous_0)
FNF:1
FNH:1
FNDA:5,(anonymous_0)
DA:4,1
DA:9,5
DA:10,5
LF:3
LH:3
BRF:0
BRH:0
end_of_record
